#
# A fatal error has been detected by the Java Runtime Environment:
#
#  EXCEPTION_ACCESS_VIOLATION (0xc0000005) at pc=0x0000000067f2f8e3, pid=5916, tid=0x0000000000001438
#
# JRE version: Java(TM) SE Runtime Environment (8.0_241-b07) (build 1.8.0_241-b07)
# Java VM: Java HotSpot(TM) 64-Bit Server VM (25.241-b07 mixed mode windows-amd64 compressed oops)
# Problematic frame:
# V  [jvm.dll+0xff8e3]
#
# Failed to write core dump. Minidumps are not enabled by default on client versions of Windows
#
# If you would like to submit a bug report, please visit:
#   http://bugreport.java.com/bugreport/crash.jsp
#

---------------  T H R E A D  ---------------

Current thread (0x000000001c157000):  VMThread [stack: 0x000000001d1f0000,0x000000001d2f0000] [id=5176]

siginfo: ExceptionCode=0xc0000005, reading address 0x0000000069647181

Registers:
RAX=0x00000000000000ff, RBX=0x000000001d2eef30, RCX=0x423f1499fbbf0000, RDX=0x00000007c02f89a0
RSP=0x000000001d2eeec0, RBP=0x000000002bbfe00f, RSI=0x0000000001010101, RDI=0x00000000000000ff
R8 =0x000000001dfc29a0, R9 =0x000000002bbfdea8, R10=0x0000000000000008, R11=0x000000002bbfe00f
R12=0x0000000067e30000, R13=0x000000001c0657d8, R14=0x000000001d2eefc0, R15=0x0000000000000003
RIP=0x0000000067f2f8e3, EFLAGS=0x0000000000010202

Top of Stack: (sp=0x000000001d2eeec0)
0x000000001d2eeec0:   000000001d2eef30 000000001d2eef29
0x000000001d2eeed0:   000000001d2ef0d8 000000002cdbd804
0x000000001d2eeee0:   000000002bbfe0b8 0000000067f2fcd0
0x000000001d2eeef0:   000000001d2eef29 0000000000000000
0x000000001d2eef00:   0000000002bc13b0 000000001d2ef0d8
0x000000001d2eef10:   000000002bbfe0b8 000000001c157000
0x000000001d2eef20:   000000002bbfe0b8 000000001c157000
0x000000001d2eef30:   000000002bbfe0b8 000000001c157000
0x000000001d2eef40:   0000013700000137 0000005700000147
0x000000001d2eef50:   0000000002530000 0000000000000057
0x000000001d2eef60:   000000001c0657d8 0000000000000000
0x000000001d2eef70:   000000001c065450 00000000000003d8
0x000000001d2eef80:   000000001c157000 0000000067f33c36
0x000000001d2eef90:   000000001d2ef0c0 000000001c0653f0
0x000000001d2eefa0:   0000000000000000 0000000002530000
0x000000001d2eefb0:   00007f3c96125400 00007ffea7ce83d0 

Instructions: (pc=0x0000000067f2f8e3)
0x0000000067f2f8c3:   0d 48 8b 0b 48 8b d0 e8 41 2d fb ff 8b f8 4c 8d
0x0000000067f2f8d3:   25 28 07 f0 ff 48 63 c7 49 63 b4 84 d0 6c 80 00
0x0000000067f2f8e3:   42 0f b6 8c 26 80 70 80 00 83 e1 0f 75 3d 44 0f
0x0000000067f2f8f3:   b6 4d 00 41 81 f9 ca 00 00 00 75 0e 48 8b 0b 48 


Register to memory mapping:

RAX=0x00000000000000ff is an unknown value
RBX=0x000000001d2eef30 is an unknown value
RCX=0x423f1499fbbf0000 is an unknown value
RDX=0x00000007c02f89a0 is pointing into metadata
RSP=0x000000001d2eeec0 is an unknown value
RBP=0x000000002bbfe00f is pointing into metadata
RSI=0x0000000001010101 is an unknown value
RDI=0x00000000000000ff is an unknown value
R8 =0x000000001dfc29a0 is an unknown value
R9 =0x000000002bbfdea8 is pointing into metadata
R10=0x0000000000000008 is an unknown value
R11=0x000000002bbfe00f is pointing into metadata
R12=0x0000000067e30000 is an unknown value
R13=0x000000001c0657d8 is an unknown value
R14=0x000000001d2eefc0 is an unknown value
R15=0x0000000000000003 is an unknown value


Stack: [0x000000001d1f0000,0x000000001d2f0000],  sp=0x000000001d2eeec0,  free space=1019k
Native frames: (J=compiled Java code, j=interpreted, Vv=VM code, C=native code)
V  [jvm.dll+0xff8e3]
V  [jvm.dll+0xffcd0]
V  [jvm.dll+0x103c36]
V  [jvm.dll+0xc512e]
V  [jvm.dll+0xc57b8]
V  [jvm.dll+0xc5d99]
V  [jvm.dll+0x10faea]
V  [jvm.dll+0x12d39f]
V  [jvm.dll+0x1bf68f]
V  [jvm.dll+0x24d6b7]
V  [jvm.dll+0x24c956]
V  [jvm.dll+0x24cdf1]
V  [jvm.dll+0x24d00e]
V  [jvm.dll+0x29fd2a]
C  [msvcr100.dll+0x21d9f]
C  [msvcr100.dll+0x21e3b]
C  [KERNEL32.DLL+0x14034]
C  [ntdll.dll+0x73691]

VM_Operation (0x000000001dc4f0c0): GetOrSetLocal, mode: safepoint, requested by thread 0x000000001c1a1000


---------------  P R O C E S S  ---------------

Java Threads: ( => current thread )
  0x0000000028d7c800 JavaThread "DestroyJavaVM" [_thread_blocked, id=7348, stack(0x0000000002810000,0x0000000002910000)]
  0x0000000028d77000 JavaThread "http-nio-8080-AsyncTimeout" daemon [_thread_blocked, id=8688, stack(0x000000002d5c0000,0x000000002d6c0000)]
  0x0000000028d7d000 JavaThread "http-nio-8080-Acceptor-0" daemon [_thread_in_native, id=9124, stack(0x000000002d4c0000,0x000000002d5c0000)]
  0x0000000028d7a800 JavaThread "http-nio-8080-ClientPoller-1" daemon [_thread_in_native, id=14176, stack(0x000000002d3c0000,0x000000002d4c0000)]
  0x0000000028d73000 JavaThread "http-nio-8080-ClientPoller-0" daemon [_thread_in_native, id=4116, stack(0x000000002d2c0000,0x000000002d3c0000)]
  0x0000000028d76000 JavaThread "http-nio-8080-exec-10" daemon [_thread_blocked, id=4672, stack(0x000000002d1c0000,0x000000002d2c0000)]
  0x0000000028d78800 JavaThread "http-nio-8080-exec-9" daemon [_thread_blocked, id=6956, stack(0x000000002d0c0000,0x000000002d1c0000)]
  0x0000000028d7a000 JavaThread "http-nio-8080-exec-8" daemon [_thread_blocked, id=10256, stack(0x000000002cfc0000,0x000000002d0c0000)]
  0x0000000028d72800 JavaThread "http-nio-8080-exec-7" daemon [_thread_blocked, id=13356, stack(0x000000002cec0000,0x000000002cfc0000)]
  0x0000000028d79000 JavaThread "http-nio-8080-exec-6" daemon [_thread_blocked, id=3612, stack(0x000000002cdc0000,0x000000002cec0000)]
  0x0000000028d74800 JavaThread "http-nio-8080-exec-5" daemon [_thread_blocked, id=11436, stack(0x000000002ccc0000,0x000000002cdc0000)]
  0x0000000028d71800 JavaThread "http-nio-8080-exec-4" daemon [_thread_blocked, id=7832, stack(0x000000002cbc0000,0x000000002ccc0000)]
  0x0000000028d71000 JavaThread "http-nio-8080-exec-3" daemon [_thread_blocked, id=10436, stack(0x000000002cac0000,0x000000002cbc0000)]
  0x0000000028d74000 JavaThread "http-nio-8080-exec-2" daemon [_thread_blocked, id=11132, stack(0x000000002c9c0000,0x000000002cac0000)]
  0x0000000028d75800 JavaThread "http-nio-8080-exec-1" daemon [_thread_blocked, id=9260, stack(0x000000002c8c0000,0x000000002c9c0000)]
  0x000000001fb35800 JavaThread "NioBlockingSelector.BlockPoller-1" daemon [_thread_in_native, id=6780, stack(0x000000002c4b0000,0x000000002c5b0000)]
  0x000000001fb31000 JavaThread "HikariPool-1 housekeeper" daemon [_thread_blocked, id=7316, stack(0x0000000029900000,0x0000000029a00000)]
  0x000000001e766800 JavaThread "container-0" [_thread_blocked, id=6520, stack(0x0000000028410000,0x0000000028510000)]
  0x000000001fbb1000 JavaThread "ContainerBackgroundProcessor[StandardEngine[Tomcat]]" daemon [_thread_blocked, id=6292, stack(0x0000000026360000,0x0000000026460000)]
  0x000000001e2cc000 JavaThread "Service Thread" daemon [_thread_blocked, id=6892, stack(0x000000001ed50000,0x000000001ee50000)]
  0x000000001e254000 JavaThread "C1 CompilerThread2" daemon [_thread_blocked, id=10768, stack(0x000000001ec50000,0x000000001ed50000)]
  0x000000001e253000 JavaThread "C2 CompilerThread1" daemon [_thread_blocked, id=11984, stack(0x000000001eb50000,0x000000001ec50000)]
  0x000000001e250800 JavaThread "C2 CompilerThread0" daemon [_thread_blocked, id=9852, stack(0x000000001ea50000,0x000000001eb50000)]
  0x000000001c1b2000 JavaThread "JDWP Command Reader" daemon [_thread_in_native, id=9012, stack(0x000000001dd50000,0x000000001de50000)]
  0x000000001c1b0800 JavaThread "JDWP Event Helper Thread" daemon [_thread_blocked, id=5856, stack(0x000000001dc50000,0x000000001dd50000)]
  0x000000001c1a1000 JavaThread "JDWP Transport Listener: dt_socket" daemon [_thread_blocked, id=11328, stack(0x000000001db50000,0x000000001dc50000)]
  0x000000001c196800 JavaThread "Attach Listener" daemon [_thread_blocked, id=11092, stack(0x000000001d710000,0x000000001d810000)]
  0x000000001c194800 JavaThread "Signal Dispatcher" daemon [_thread_blocked, id=7744, stack(0x000000001d610000,0x000000001d710000)]
  0x000000001c180000 JavaThread "Finalizer" daemon [_thread_blocked, id=5940, stack(0x000000001d3f0000,0x000000001d4f0000)]
  0x0000000002bc6000 JavaThread "Reference Handler" daemon [_thread_blocked, id=10996, stack(0x000000001d2f0000,0x000000001d3f0000)]

Other Threads:
=>0x000000001c157000 VMThread [stack: 0x000000001d1f0000,0x000000001d2f0000] [id=5176]
  0x000000001e318800 WatcherThread [stack: 0x000000001ee50000,0x000000001ef50000] [id=5068]

VM state:at safepoint (normal execution)

VM Mutex/Monitor currently owned by a thread:  ([mutex/lock_event])
[0x0000000002ad3f80] Threads_lock - owner thread: 0x000000001c157000

heap address: 0x00000006c1e00000, size: 4066 MB, Compressed Oops mode: Zero based, Oop shift amount: 3
Narrow klass base: 0x0000000000000000, Narrow klass shift: 3
Compressed class space size: 1073741824 Address: 0x00000007c0000000

Heap:
 PSYoungGen      total 487936K, used 269796K [0x000000076b500000, 0x0000000792500000, 0x00000007c0000000)
  eden space 472064K, 57% used [0x000000076b500000,0x000000077bc790b0,0x0000000788200000)
  from space 15872K, 0% used [0x0000000788200000,0x0000000788200000,0x0000000789180000)
  to   space 18944K, 0% used [0x0000000791280000,0x0000000791280000,0x0000000792500000)
 ParOldGen       total 140800K, used 35260K [0x00000006c1e00000, 0x00000006ca780000, 0x000000076b500000)
  object space 140800K, 25% used [0x00000006c1e00000,0x00000006c406f0d0,0x00000006ca780000)
 Metaspace       used 63796K, capacity 66347K, committed 66580K, reserved 1107968K
  class space    used 8296K, capacity 8724K, committed 8764K, reserved 1048576K

Card table byte_map: [0x0000000011f90000,0x0000000012790000] byte_map_base: 0x000000000e981000

Marking Bits: (ParMarkBitMap*) 0x000000006865be30
 Begin Bits: [0x00000000130e0000, 0x0000000017068000)
 End Bits:   [0x0000000017068000, 0x000000001aff0000)

Polling page: 0x0000000000ee0000

CodeCache: size=245760Kb used=19017Kb max_used=19452Kb free=226742Kb
 bounds [0x0000000002bd0000, 0x0000000003f70000, 0x0000000011bd0000]
 total_blobs=5930 nmethods=5373 adapters=476
 compilation: enabled

Compilation events (10 events):
Event: 94.451 Thread 0x000000001e254000 nmethod 6377 0x0000000002f652d0 code [0x0000000002f654a0, 0x0000000002f65f18]
Event: 94.452 Thread 0x000000001e250800 nmethod 6374 0x00000000036ee710 code [0x00000000036ee860, 0x00000000036ee978]
Event: 94.454 Thread 0x000000001e254000 6378       3       org.h2.expression.ExpressionColumn::isEverything (251 bytes)
Event: 94.454 Thread 0x000000001e253000 6379       4       org.h2.engine.Session::isClosed (19 bytes)
Event: 94.455 Thread 0x000000001e253000 nmethod 6379 0x000000000384e110 code [0x000000000384e260, 0x000000000384e318]
Event: 94.456 Thread 0x000000001e254000 nmethod 6378 0x0000000003a04750 code [0x0000000003a04c40, 0x0000000003a07be8]
Event: 94.456 Thread 0x000000001e254000 6380       3       org.h2.message.TraceObject::debugCodeCall (49 bytes)
Event: 94.458 Thread 0x000000001e254000 nmethod 6380 0x00000000030bf490 code [0x00000000030bf720, 0x00000000030c0938]
Event: 94.458 Thread 0x000000001e254000 6381       1       org.hibernate.persister.entity.AbstractEntityPersister::getEntityTuplizer (5 bytes)
Event: 94.458 Thread 0x000000001e254000 nmethod 6381 0x00000000030bf150 code [0x00000000030bf2a0, 0x00000000030bf3b0]

GC Heap History (10 events):
Event: 7.760 GC heap before
{Heap before GC invocations=8 (full 1):
 PSYoungGen      total 261120K, used 64360K [0x000000076b500000, 0x000000077c100000, 0x00000007c0000000)
  eden space 250880K, 21% used [0x000000076b500000,0x000000076e9dfab0,0x000000077aa00000)
  from space 10240K, 99% used [0x000000077b680000,0x000000077c07a7e0,0x000000077c080000)
  to   space 11776K, 0% used [0x000000077aa00000,0x000000077aa00000,0x000000077b580000)
 ParOldGen       total 74240K, used 5494K [0x00000006c1e00000, 0x00000006c6680000, 0x000000076b500000)
  object space 74240K, 7% used [0x00000006c1e00000,0x00000006c235d930,0x00000006c6680000)
 Metaspace       used 33784K, capacity 35256K, committed 35416K, reserved 1079296K
  class space    used 4357K, capacity 4618K, committed 4736K, reserved 1048576K
Event: 7.782 GC heap after
Heap after GC invocations=8 (full 1):
 PSYoungGen      total 262656K, used 11769K [0x000000076b500000, 0x000000078a180000, 0x00000007c0000000)
  eden space 250880K, 0% used [0x000000076b500000,0x000000076b500000,0x000000077aa00000)
  from space 11776K, 99% used [0x000000077aa00000,0x000000077b57e598,0x000000077b580000)
  to   space 14336K, 0% used [0x0000000789380000,0x0000000789380000,0x000000078a180000)
 ParOldGen       total 74240K, used 7267K [0x00000006c1e00000, 0x00000006c6680000, 0x000000076b500000)
  object space 74240K, 9% used [0x00000006c1e00000,0x00000006c2518d70,0x00000006c6680000)
 Metaspace       used 33784K, capacity 35256K, committed 35416K, reserved 1079296K
  class space    used 4357K, capacity 4618K, committed 4736K, reserved 1048576K
}
Event: 7.782 GC heap before
{Heap before GC invocations=9 (full 2):
 PSYoungGen      total 262656K, used 11769K [0x000000076b500000, 0x000000078a180000, 0x00000007c0000000)
  eden space 250880K, 0% used [0x000000076b500000,0x000000076b500000,0x000000077aa00000)
  from space 11776K, 99% used [0x000000077aa00000,0x000000077b57e598,0x000000077b580000)
  to   space 14336K, 0% used [0x0000000789380000,0x0000000789380000,0x000000078a180000)
 ParOldGen       total 74240K, used 7267K [0x00000006c1e00000, 0x00000006c6680000, 0x000000076b500000)
  object space 74240K, 9% used [0x00000006c1e00000,0x00000006c2518d70,0x00000006c6680000)
 Metaspace       used 33784K, capacity 35256K, committed 35416K, reserved 1079296K
  class space    used 4357K, capacity 4618K, committed 4736K, reserved 1048576K
Event: 7.921 GC heap after
Heap after GC invocations=9 (full 2):
 PSYoungGen      total 262656K, used 0K [0x000000076b500000, 0x000000078a180000, 0x00000007c0000000)
  eden space 250880K, 0% used [0x000000076b500000,0x000000076b500000,0x000000077aa00000)
  from space 11776K, 0% used [0x000000077aa00000,0x000000077aa00000,0x000000077b580000)
  to   space 14336K, 0% used [0x0000000789380000,0x0000000789380000,0x000000078a180000)
 ParOldGen       total 104960K, used 18144K [0x00000006c1e00000, 0x00000006c8480000, 0x000000076b500000)
  object space 104960K, 17% used [0x00000006c1e00000,0x00000006c2fb8018,0x00000006c8480000)
 Metaspace       used 33784K, capacity 35256K, committed 35416K, reserved 1079296K
  class space    used 4357K, capacity 4618K, committed 4736K, reserved 1048576K
}
Event: 12.055 GC heap before
{Heap before GC invocations=10 (full 2):
 PSYoungGen      total 262656K, used 250880K [0x000000076b500000, 0x000000078a180000, 0x00000007c0000000)
  eden space 250880K, 100% used [0x000000076b500000,0x000000077aa00000,0x000000077aa00000)
  from space 11776K, 0% used [0x000000077aa00000,0x000000077aa00000,0x000000077b580000)
  to   space 14336K, 0% used [0x0000000789380000,0x0000000789380000,0x000000078a180000)
 ParOldGen       total 104960K, used 18144K [0x00000006c1e00000, 0x00000006c8480000, 0x000000076b500000)
  object space 104960K, 17% used [0x00000006c1e00000,0x00000006c2fb8018,0x00000006c8480000)
 Metaspace       used 45624K, capacity 47274K, committed 47448K, reserved 1091584K
  class space    used 5950K, capacity 6261K, committed 6272K, reserved 1048576K
Event: 12.068 GC heap after
Heap after GC invocations=10 (full 2):
 PSYoungGen      total 443904K, used 13363K [0x000000076b500000, 0x000000078a100000, 0x00000007c0000000)
  eden space 430080K, 0% used [0x000000076b500000,0x000000076b500000,0x0000000785900000)
  from space 13824K, 96% used [0x0000000789380000,0x000000078a08cdc8,0x000000078a100000)
  to   space 15872K, 0% used [0x0000000788200000,0x0000000788200000,0x0000000789180000)
 ParOldGen       total 104960K, used 18152K [0x00000006c1e00000, 0x00000006c8480000, 0x000000076b500000)
  object space 104960K, 17% used [0x00000006c1e00000,0x00000006c2fba018,0x00000006c8480000)
 Metaspace       used 45624K, capacity 47274K, committed 47448K, reserved 1091584K
  class space    used 5950K, capacity 6261K, committed 6272K, reserved 1048576K
}
Event: 14.785 GC heap before
{Heap before GC invocations=11 (full 2):
 PSYoungGen      total 443904K, used 282739K [0x000000076b500000, 0x000000078a100000, 0x00000007c0000000)
  eden space 430080K, 62% used [0x000000076b500000,0x000000077bc101f8,0x0000000785900000)
  from space 13824K, 96% used [0x0000000789380000,0x000000078a08cdc8,0x000000078a100000)
  to   space 15872K, 0% used [0x0000000788200000,0x0000000788200000,0x0000000789180000)
 ParOldGen       total 104960K, used 18152K [0x00000006c1e00000, 0x00000006c8480000, 0x000000076b500000)
  object space 104960K, 17% used [0x00000006c1e00000,0x00000006c2fba018,0x00000006c8480000)
 Metaspace       used 56760K, capacity 58980K, committed 59028K, reserved 1099776K
  class space    used 7405K, capacity 7820K, committed 7868K, reserved 1048576K
Event: 14.808 GC heap after
Heap after GC invocations=11 (full 2):
 PSYoungGen      total 487936K, used 15845K [0x000000076b500000, 0x0000000792500000, 0x00000007c0000000)
  eden space 472064K, 0% used [0x000000076b500000,0x000000076b500000,0x0000000788200000)
  from space 15872K, 99% used [0x0000000788200000,0x0000000789179530,0x0000000789180000)
  to   space 18944K, 0% used [0x0000000791280000,0x0000000791280000,0x0000000792500000)
 ParOldGen       total 104960K, used 21291K [0x00000006c1e00000, 0x00000006c8480000, 0x000000076b500000)
  object space 104960K, 20% used [0x00000006c1e00000,0x00000006c32caf28,0x00000006c8480000)
 Metaspace       used 56760K, capacity 58980K, committed 59028K, reserved 1099776K
  class space    used 7405K, capacity 7820K, committed 7868K, reserved 1048576K
}
Event: 14.808 GC heap before
{Heap before GC invocations=12 (full 3):
 PSYoungGen      total 487936K, used 15845K [0x000000076b500000, 0x0000000792500000, 0x00000007c0000000)
  eden space 472064K, 0% used [0x000000076b500000,0x000000076b500000,0x0000000788200000)
  from space 15872K, 99% used [0x0000000788200000,0x0000000789179530,0x0000000789180000)
  to   space 18944K, 0% used [0x0000000791280000,0x0000000791280000,0x0000000792500000)
 ParOldGen       total 104960K, used 21291K [0x00000006c1e00000, 0x00000006c8480000, 0x000000076b500000)
  object space 104960K, 20% used [0x00000006c1e00000,0x00000006c32caf28,0x00000006c8480000)
 Metaspace       used 56760K, capacity 58980K, committed 59028K, reserved 1099776K
  class space    used 7405K, capacity 7820K, committed 7868K, reserved 1048576K
Event: 14.966 GC heap after
Heap after GC invocations=12 (full 3):
 PSYoungGen      total 487936K, used 0K [0x000000076b500000, 0x0000000792500000, 0x00000007c0000000)
  eden space 472064K, 0% used [0x000000076b500000,0x000000076b500000,0x0000000788200000)
  from space 15872K, 0% used [0x0000000788200000,0x0000000788200000,0x0000000789180000)
  to   space 18944K, 0% used [0x0000000791280000,0x0000000791280000,0x0000000792500000)
 ParOldGen       total 140800K, used 35260K [0x00000006c1e00000, 0x00000006ca780000, 0x000000076b500000)
  object space 140800K, 25% used [0x00000006c1e00000,0x00000006c406f0d0,0x00000006ca780000)
 Metaspace       used 56760K, capacity 58980K, committed 59028K, reserved 1099776K
  class space    used 7405K, capacity 7820K, committed 7868K, reserved 1048576K
}

Deoptimization events (10 events):
Event: 90.064 Thread 0x0000000028d74800 Uncommon trap: reason=unhandled action=none pc=0x0000000003433ae0 method=java.net.URLClassLoader.findClass(Ljava/lang/String;)Ljava/lang/Class; @ 44
Event: 90.064 Thread 0x0000000028d74800 Uncommon trap: reason=unhandled action=none pc=0x0000000003433ae0 method=java.net.URLClassLoader.findClass(Ljava/lang/String;)Ljava/lang/Class; @ 44
Event: 90.064 Thread 0x0000000028d74800 Uncommon trap: reason=unhandled action=none pc=0x0000000003433ae0 method=java.net.URLClassLoader.findClass(Ljava/lang/String;)Ljava/lang/Class; @ 44
Event: 90.064 Thread 0x0000000028d74800 Uncommon trap: reason=unhandled action=none pc=0x0000000003433ae0 method=java.net.URLClassLoader.findClass(Ljava/lang/String;)Ljava/lang/Class; @ 44
Event: 90.064 Thread 0x0000000028d74800 Uncommon trap: reason=unhandled action=none pc=0x0000000003433ae0 method=java.net.URLClassLoader.findClass(Ljava/lang/String;)Ljava/lang/Class; @ 44
Event: 90.064 Thread 0x0000000028d74800 Uncommon trap: reason=unhandled action=none pc=0x0000000003433ae0 method=java.net.URLClassLoader.findClass(Ljava/lang/String;)Ljava/lang/Class; @ 44
Event: 90.064 Thread 0x0000000028d74800 Uncommon trap: reason=unhandled action=none pc=0x0000000003433ae0 method=java.net.URLClassLoader.findClass(Ljava/lang/String;)Ljava/lang/Class; @ 44
Event: 90.065 Thread 0x0000000028d74800 Uncommon trap: reason=unhandled action=none pc=0x0000000003433ae0 method=java.net.URLClassLoader.findClass(Ljava/lang/String;)Ljava/lang/Class; @ 44
Event: 90.065 Thread 0x0000000028d74800 Uncommon trap: reason=unhandled action=none pc=0x0000000003433ae0 method=java.net.URLClassLoader.findClass(Ljava/lang/String;)Ljava/lang/Class; @ 44
Event: 90.073 Thread 0x0000000028d74800 Uncommon trap: reason=unhandled action=none pc=0x0000000003433ae0 method=java.net.URLClassLoader.findClass(Ljava/lang/String;)Ljava/lang/Class; @ 44

Classes redefined (3 events):
Event: 59.938 Thread 0x000000001c157000 redefined class name=com.appraisaltool.controller.AppraisalController, count=1
Event: 67.934 Thread 0x000000001c157000 redefined class name=com.appraisaltool.controller.AppraisalController, count=2
Event: 81.679 Thread 0x000000001c157000 redefined class name=com.appraisaltool.controller.AppraisalController, count=3

Internal exceptions (10 events):
Event: 22.030 Thread 0x0000000028d79000 Exception <a 'java/lang/ArrayIndexOutOfBoundsException': 139> (0x0000000779bb2ca0) thrown at [C:\ade\jenkins\workspace\8-2-build-windows-amd64-cygwin\jdk8u241\331\hotspot\src\share\vm\interpreter\interpreterRuntime.cpp, line 368]
Event: 22.032 Thread 0x0000000028d79000 Exception <a 'java/lang/ArrayIndexOutOfBoundsException': 78> (0x0000000779bc1070) thrown at [C:\ade\jenkins\workspace\8-2-build-windows-amd64-cygwin\jdk8u241\331\hotspot\src\share\vm\interpreter\interpreterRuntime.cpp, line 368]
Event: 22.033 Thread 0x0000000028d79000 Exception <a 'java/lang/ArrayIndexOutOfBoundsException': 83> (0x0000000779bce538) thrown at [C:\ade\jenkins\workspace\8-2-build-windows-amd64-cygwin\jdk8u241\331\hotspot\src\share\vm\interpreter\interpreterRuntime.cpp, line 368]
Event: 22.152 Thread 0x0000000028d72800 Exception <a 'java/lang/ArrayIndexOutOfBoundsException': 149> (0x000000077a10ecc0) thrown at [C:\ade\jenkins\workspace\8-2-build-windows-amd64-cygwin\jdk8u241\331\hotspot\src\share\vm\interpreter\interpreterRuntime.cpp, line 368]
Event: 29.322 Thread 0x0000000028d74800 Exception <a 'java/lang/ClassNotFoundException': java/lang/ObjectCustomizer> (0x000000077a1da830) thrown at [C:\ade\jenkins\workspace\8-2-build-windows-amd64-cygwin\jdk8u241\331\hotspot\src\share\vm\classfile\systemDictionary.cpp, line 210]
Event: 29.324 Thread 0x0000000028d74800 Exception <a 'java/lang/ClassNotFoundException': java/lang/NumberCustomizer> (0x000000077a1e6dc8) thrown at [C:\ade\jenkins\workspace\8-2-build-windows-amd64-cygwin\jdk8u241\331\hotspot\src\share\vm\classfile\systemDictionary.cpp, line 210]
Event: 29.325 Thread 0x0000000028d74800 Exception <a 'java/lang/ClassNotFoundException': java/lang/LongCustomizer> (0x000000077a1f24b0) thrown at [C:\ade\jenkins\workspace\8-2-build-windows-amd64-cygwin\jdk8u241\331\hotspot\src\share\vm\classfile\systemDictionary.cpp, line 210]
Event: 29.337 Thread 0x0000000028d74800 Exception <a 'java/lang/ArrayIndexOutOfBoundsException': 6> (0x000000077a3126a0) thrown at [C:\ade\jenkins\workspace\8-2-build-windows-amd64-cygwin\jdk8u241\331\hotspot\src\share\vm\interpreter\interpreterRuntime.cpp, line 368]
Event: 29.339 Thread 0x0000000028d74800 Exception <a 'java/lang/ArrayIndexOutOfBoundsException': 6> (0x000000077a336e18) thrown at [C:\ade\jenkins\workspace\8-2-build-windows-amd64-cygwin\jdk8u241\331\hotspot\src\share\vm\interpreter\interpreterRuntime.cpp, line 368]
Event: 29.365 Thread 0x0000000028d74800 Exception <a 'java/lang/ArrayIndexOutOfBoundsException': 183> (0x000000077a47ad28) thrown at [C:\ade\jenkins\workspace\8-2-build-windows-amd64-cygwin\jdk8u241\331\hotspot\src\share\vm\interpreter\interpreterRuntime.cpp, line 368]

Events (10 events):
Event: 94.459 Executing VM operation: GetCurrentContendedMonitor done
Event: 94.459 Executing VM operation: GetOwnedMonitorInfo
Event: 94.460 Executing VM operation: GetOwnedMonitorInfo done
Event: 94.460 Executing VM operation: GetCurrentContendedMonitor
Event: 94.460 Executing VM operation: GetCurrentContendedMonitor done
Event: 94.464 Executing VM operation: GetCurrentContendedMonitor
Event: 94.464 Executing VM operation: GetCurrentContendedMonitor done
Event: 94.464 Executing VM operation: GetOwnedMonitorInfo
Event: 94.464 Executing VM operation: GetOwnedMonitorInfo done
Event: 94.586 Executing VM operation: GetOrSetLocal


Dynamic libraries:
0x00007ff76cae0000 - 0x00007ff76cb17000 	C:\Program Files\Java\jre1.8.0_241\bin\javaw.exe
0x00007ffea7ce0000 - 0x00007ffea7ec1000 	C:\Windows\SYSTEM32\ntdll.dll
0x00007ffea6780000 - 0x00007ffea6831000 	C:\Windows\System32\KERNEL32.DLL
0x00007ffea4de0000 - 0x00007ffea5053000 	C:\Windows\System32\KERNELBASE.dll
0x00007ffea1e90000 - 0x00007ffea1f1b000 	C:\Windows\SYSTEM32\apphelp.dll
0x00007ffea6f70000 - 0x00007ffea7011000 	C:\Windows\System32\ADVAPI32.dll
0x00007ffea6870000 - 0x00007ffea690e000 	C:\Windows\System32\msvcrt.dll
0x00007ffea7910000 - 0x00007ffea796b000 	C:\Windows\System32\sechost.dll
0x00007ffea77e0000 - 0x00007ffea7904000 	C:\Windows\System32\RPCRT4.dll
0x00007ffea6990000 - 0x00007ffea6b20000 	C:\Windows\System32\USER32.dll
0x00007ffea43d0000 - 0x00007ffea43f0000 	C:\Windows\System32\win32u.dll
0x00007ffea75c0000 - 0x00007ffea75e8000 	C:\Windows\System32\GDI32.dll
0x00007ffea4450000 - 0x00007ffea45e1000 	C:\Windows\System32\gdi32full.dll
0x00007ffea4090000 - 0x00007ffea412f000 	C:\Windows\System32\msvcp_win.dll
0x00007ffea5060000 - 0x00007ffea5158000 	C:\Windows\System32\ucrtbase.dll
0x00007ffe95e90000 - 0x00007ffe960f9000 	C:\Windows\WinSxS\amd64_microsoft.windows.common-controls_6595b64144ccf1df_6.0.17134.1488_none_d4038d277c8d0b7d\COMCTL32.dll
0x00007ffea7290000 - 0x00007ffea75b1000 	C:\Windows\System32\combase.dll
0x00007ffea4640000 - 0x00007ffea46b9000 	C:\Windows\System32\bcryptPrimitives.dll
0x00007ffea6840000 - 0x00007ffea686d000 	C:\Windows\System32\IMM32.DLL
0x0000000067b50000 - 0x0000000067c22000 	C:\Program Files\Java\jre1.8.0_241\bin\msvcr100.dll
0x0000000067e30000 - 0x00000000686dc000 	C:\Program Files\Java\jre1.8.0_241\bin\server\jvm.dll
0x00007ffea7ca0000 - 0x00007ffea7ca8000 	C:\Windows\System32\PSAPI.DLL
0x00007ffe93c10000 - 0x00007ffe93c19000 	C:\Windows\SYSTEM32\WSOCK32.dll
0x00007ffea6910000 - 0x00007ffea697c000 	C:\Windows\System32\WS2_32.dll
0x00007ffea1d70000 - 0x00007ffea1d93000 	C:\Windows\SYSTEM32\WINMM.dll
0x00007ffe94b40000 - 0x00007ffe94b4a000 	C:\Windows\SYSTEM32\VERSION.dll
0x00007ffea1d40000 - 0x00007ffea1d6a000 	C:\Windows\SYSTEM32\WINMMBASE.dll
0x00007ffea45f0000 - 0x00007ffea4639000 	C:\Windows\System32\cfgmgr32.dll
0x00007ffea00f0000 - 0x00007ffea00ff000 	C:\Program Files\Java\jre1.8.0_241\bin\verify.dll
0x00007ffe69c30000 - 0x00007ffe69c59000 	C:\Program Files\Java\jre1.8.0_241\bin\java.dll
0x00007ffea0530000 - 0x00007ffea0565000 	C:\Program Files\Java\jre1.8.0_241\bin\jdwp.dll
0x00007ffea1dc0000 - 0x00007ffea1dc8000 	C:\Program Files\Java\jre1.8.0_241\bin\npt.dll
0x00007ffe69c00000 - 0x00007ffe69c23000 	C:\Program Files\Java\jre1.8.0_241\bin\instrument.dll
0x00007ffe87ab0000 - 0x00007ffe87ac6000 	C:\Program Files\Java\jre1.8.0_241\bin\zip.dll
0x00007ffea51d0000 - 0x00007ffea6615000 	C:\Windows\System32\SHELL32.dll
0x00007ffea75f0000 - 0x00007ffea7699000 	C:\Windows\System32\shcore.dll
0x00007ffea46c0000 - 0x00007ffea4dd1000 	C:\Windows\System32\windows.storage.dll
0x00007ffea5160000 - 0x00007ffea51b1000 	C:\Windows\System32\shlwapi.dll
0x00007ffea4070000 - 0x00007ffea4081000 	C:\Windows\System32\kernel.appcore.dll
0x00007ffea3fe0000 - 0x00007ffea3fff000 	C:\Windows\System32\profapi.dll
0x00007ffea4000000 - 0x00007ffea404c000 	C:\Windows\System32\powrprof.dll
0x00007ffea3fd0000 - 0x00007ffea3fda000 	C:\Windows\System32\FLTLIB.DLL
0x00007ffea0790000 - 0x00007ffea0799000 	C:\Program Files\Java\jre1.8.0_241\bin\dt_socket.dll
0x00007ffe7a6b0000 - 0x00007ffe7a6c6000 	C:\Windows\system32\napinsp.dll
0x00007ffe7a690000 - 0x00007ffe7a6aa000 	C:\Windows\system32\pnrpnsp.dll
0x00007ffe98ea0000 - 0x00007ffe98eb9000 	C:\Windows\system32\NLAapi.dll
0x00007ffea3850000 - 0x00007ffea38b6000 	C:\Windows\System32\mswsock.dll
0x00007ffea35e0000 - 0x00007ffea369f000 	C:\Windows\SYSTEM32\DNSAPI.dll
0x00007ffea6980000 - 0x00007ffea6988000 	C:\Windows\System32\NSI.dll
0x00007ffea35a0000 - 0x00007ffea35d8000 	C:\Windows\SYSTEM32\IPHLPAPI.DLL
0x00007ffe962d0000 - 0x00007ffe962de000 	C:\Windows\System32\winrnr.dll
0x00007ffe7a670000 - 0x00007ffe7a685000 	C:\Windows\System32\wshbth.dll
0x00007ffe9cd30000 - 0x00007ffe9cda2000 	C:\Windows\System32\fwpuclnt.dll
0x00007ffea3b30000 - 0x00007ffea3b55000 	C:\Windows\SYSTEM32\bcrypt.dll
0x00007ffe97210000 - 0x00007ffe9721a000 	C:\Windows\System32\rasadhlp.dll
0x00007ffea0670000 - 0x00007ffea067d000 	C:\Program Files\Java\jre1.8.0_241\bin\management.dll
0x00007ffe81490000 - 0x00007ffe814aa000 	C:\Program Files\Java\jre1.8.0_241\bin\net.dll
0x00007ffe69b40000 - 0x00007ffe69b52000 	C:\Program Files\Java\jre1.8.0_241\bin\nio.dll
0x00007ffea3a00000 - 0x00007ffea3a17000 	C:\Windows\SYSTEM32\CRYPTSP.dll
0x00007ffea31d0000 - 0x00007ffea3203000 	C:\Windows\system32\rsaenh.dll
0x00007ffea3ed0000 - 0x00007ffea3ef8000 	C:\Windows\SYSTEM32\USERENV.dll
0x00007ffea3a20000 - 0x00007ffea3a2b000 	C:\Windows\SYSTEM32\CRYPTBASE.dll
0x00007ffe9c740000 - 0x00007ffe9c756000 	C:\Windows\SYSTEM32\dhcpcsvc6.DLL
0x00007ffe9c440000 - 0x00007ffe9c45a000 	C:\Windows\SYSTEM32\dhcpcsvc.DLL
0x00007ffe93370000 - 0x00007ffe93539000 	C:\Windows\SYSTEM32\dbghelp.dll

VM Arguments:
jvm_args: -agentlib:jdwp=transport=dt_socket,suspend=y,address=localhost:53582 -javaagent:C:\Users\FriasA\eclipse-jee-2019-12-R-win32-x86_64\eclipse\configuration\org.eclipse.osgi\411\0\.cp\lib\javaagent-shaded.jar -Dfile.encoding=UTF-8 
java_command: com.appraisaltool.Application
java_class_path (initial): C:\Users\FriasA\Desktop\Challenges\2. 360 evalution tool\Ejemplos\360tool\target\classes;C:\Users\FriasA\.m2\repository\org\springframework\boot\spring-boot-starter\2.0.5.RELEASE\spring-boot-starter-2.0.5.RELEASE.jar;C:\Users\FriasA\.m2\repository\org\springframework\boot\spring-boot\2.0.5.RELEASE\spring-boot-2.0.5.RELEASE.jar;C:\Users\FriasA\.m2\repository\org\springframework\spring-context\5.0.9.RELEASE\spring-context-5.0.9.RELEASE.jar;C:\Users\FriasA\.m2\repository\org\springframework\boot\spring-boot-autoconfigure\2.0.5.RELEASE\spring-boot-autoconfigure-2.0.5.RELEASE.jar;C:\Users\FriasA\.m2\repository\org\springframework\boot\spring-boot-starter-logging\2.0.5.RELEASE\spring-boot-starter-logging-2.0.5.RELEASE.jar;C:\Users\FriasA\.m2\repository\ch\qos\logback\logback-classic\1.2.3\logback-classic-1.2.3.jar;C:\Users\FriasA\.m2\repository\ch\qos\logback\logback-core\1.2.3\logback-core-1.2.3.jar;C:\Users\FriasA\.m2\repository\org\apache\logging\log4j\log4j-to-slf4j\2.10.0\log4j-to-slf4j-2.10.0.jar;C:\Users\FriasA\.m2\repository\javax\annotation\javax.annotation-api\1.3.2\javax.annotation-api-1.3.2.jar;C:\Users\FriasA\.m2\repository\org\springframework\spring-core\5.0.9.RELEASE\spring-core-5.0.9.RELEASE.jar;C:\Users\FriasA\.m2\repository\org\springframework\spring-jcl\5.0.9.RELEASE\spring-jcl-5.0.9.RELEASE.jar;C:\Users\FriasA\.m2\repository\org\yaml\snakeyaml\1.19\snakeyaml-1.19.jar;C:\Users\FriasA\.m2\repository\org\springframework\boot\spring-boot-starter-web\2.0.5.RELEASE\spring-boot-starter-web-2.0.5.RELEASE.jar;C:\Users\FriasA\.m2\repository\org\springframework\boot\spring-boot-starter-json\2.0.5.RELEASE\spring-boot-starter-json-2.0.5.RELEASE.jar;C:\Users\FriasA\.m2\repository\com\fasterxml\jackson\core\jackson-databind\2.9.6\jackson-databind-2.9.6.jar;C:\Users\FriasA\.m2\repository\com\fasterxml\jackson\core\jackson-annotations\2.9.0\jackson-annotations-2.9.0.jar;C:\Users\FriasA\.m2\repository\com\fasterxml\jackson\core\jackson-core\
Launcher Type: SUN_STANDARD

Environment Variables:
JAVA_HOME=C:\Program Files\Java\jdk1.8.0_211
CLASSPATH=.;
PATH=C:/Program Files/Java/jre1.8.0_241/bin/server;C:/Program Files/Java/jre1.8.0_241/bin;C:/Program Files/Java/jre1.8.0_241/lib/amd64;C:\Python27\;C:\Python27\Scripts;C:\Program Files (x86)\Common Files\Oracle\Java\javapath;C:\Windows\system32;C:\Windows;C:\Windows\System32\Wbem;C:\Windows\System32\WindowsPowerShell\v1.0\;C:\Windows\System32\OpenSSH\;C:\Program Files\dotnet\;C:\Program Files\Microsoft SQL Server\Client SDK\ODBC\170\Tools\Binn\;C:\Program Files\PuTTY\;C:\Users\FriasA\apache-maven-3.6.3\bin;C:\Program Files (x86)\ZeroTier\One\;C:\Program Files (x86)\Microsoft SQL Server\150\Tools\Binn\;C:\Program Files\Microsoft SQL Server\150\Tools\Binn\;C:\Program Files\Microsoft SQL Server\150\DTS\Binn\;C:\Program Files (x86)\Microsoft SQL Server\150\DTS\Binn\;C:\Program Files\Git\cmd;C:\ProgramData\chocolatey\bin;C:\Program Files\nodejs\;C:\Program Files\Java\jdk1.8.0_211\bin;C:\Users\FriasA\AppData\Local\Android\Sdk\platform-tools\;C:\Users\FriasA\AppData\Local\Microsoft\WindowsApps;C:\Users\FriasA\AppData\Roaming\npm;C:\Users\FriasA\eclipse-jee-2019-12-R-win32-x86_64\eclipse;
USERNAME=FriasA
OS=Windows_NT
PROCESSOR_IDENTIFIER=Intel64 Family 6 Model 61 Stepping 4, GenuineIntel



---------------  S Y S T E M  ---------------

OS: Windows 10.0 , 64 bit Build 17134 (10.0.17134.1425)

CPU:total 4 (initial active 4) (2 cores per cpu, 2 threads per core) family 6 model 61 stepping 4, cmov, cx8, fxsr, mmx, sse, sse2, sse3, ssse3, sse4.1, sse4.2, popcnt, avx, avx2, aes, clmul, erms, rtm, 3dnowpref, lzcnt, ht, tsc, tscinvbit, bmi1, bmi2, adx

Memory: 4k page, physical 16649324k(9876808k free), swap 19139692k(11402096k free)

vm_info: Java HotSpot(TM) 64-Bit Server VM (25.241-b07) for windows-amd64 JRE (1.8.0_241-b07), built on Dec 11 2019 10:21:40 by "rejava" with MS VC++ 10.0 (VS2010)

time: Sun Jun 14 20:39:26 2020
timezone: Hora de verano romance
elapsed time: 94 seconds (0d 0h 1m 34s)

